
Showing logs for build [32mcb-kubecd-environment-pr-162-13-5h5zt-1[0m stage [32mfrom-build-pack[0m and container [32mstep-credential-initializer-vxpd8[0m
{"level":"warn","ts":1582015194.560316,"logger":"fallback-logger","caller":"logging/config.go:69","msg":"Fetch GitHub commit ID from kodata failed: \"ref: refs/heads/0.8.0-**-support-backwards-incompats\" is not a valid GitHub commit ID"}
{"level":"info","ts":1582015194.5611749,"logger":"fallback-logger","caller":"creds-init/main.go:40","msg":"Credentials initialized."}

Showing logs for build [32mcb-kubecd-environment-pr-162-13-5h5zt-1[0m stage [32mfrom-build-pack[0m and container [32mstep-working-dir-initializer-rm5dt[0m
{"level":"warn","ts":1582015195.605756,"logger":"fallback-logger","caller":"logging/config.go:69","msg":"Fetch GitHub commit ID from kodata failed: open /var/run/ko/HEAD: no such file or directory"}
{"level":"info","ts":1582015195.6077435,"logger":"fallback-logger","caller":"bash/main.go:64","msg":"Successfully executed command \"sh -c mkdir -p /workspace/source\"; output "}

Showing logs for build [32mcb-kubecd-environment-pr-162-13-5h5zt-1[0m stage [32mfrom-build-pack[0m and container [32mstep-place-tools[0m

Showing logs for build [32mcb-kubecd-environment-pr-162-13-5h5zt-1[0m stage [32mfrom-build-pack[0m and container [32mstep-git-source-cb-kubecd-environment-pr-162-13-5h5zt-6vj64[0m
{"level":"warn","ts":1582015199.7038162,"logger":"fallback-logger","caller":"logging/config.go:69","msg":"Fetch GitHub commit ID from kodata failed: \"ref: refs/heads/0.8.0-**-support-backwards-incompats\" is not a valid GitHub commit ID"}
{"level":"info","ts":1582015200.9205968,"logger":"fallback-logger","caller":"git/git.go:103","msg":"Successfully cloned https://github.com/cb-kubecd/environment-pr-162-13-boot-gke-production.git @ master in path /workspace/source"}

Showing logs for build [32mcb-kubecd-environment-pr-162-13-5h5zt-1[0m stage [32mfrom-build-pack[0m and container [32mstep-git-merge[0m
Using SHAs from PULL_REFS=master:db358176b808fb4c3762c7fc3b47d5ea874a3cf5,1:c8bdca98a8a09ba3ed221a76f5a7485441001406
DEBUG: LC_ALL=C JX_LOG_LEVEL=error git fetch origin --unshallow c8bdca98a8a09ba3ed221a76f5a7485441001406: db358176b808fb4c3762c7fc3b47d5ea874a3cf5:
DEBUG: ran git fetch --unshallow origin c8bdca98a8a09ba3ed221a76f5a7485441001406: db358176b808fb4c3762c7fc3b47d5ea874a3cf5: in 
DEBUG: LC_ALL=C JX_LOG_LEVEL=error git branch
DEBUG: JX_LOG_LEVEL=error LC_ALL=C git checkout master
DEBUG: ran git checkout master in 
DEBUG: LC_ALL=C JX_LOG_LEVEL=error git reset --hard db358176b808fb4c3762c7fc3b47d5ea874a3cf5
DEBUG: ran git reset --hard db358176b808fb4c3762c7fc3b47d5ea874a3cf5 in 
DEBUG: LC_ALL=C JX_LOG_LEVEL=error git clean -fd .
DEBUG: ran clean --force -d . in 
DEBUG: LC_ALL=C JX_LOG_LEVEL=error git merge c8bdca98a8a09ba3ed221a76f5a7485441001406
DEBUG: ran git merge c8bdca98a8a09ba3ed221a76f5a7485441001406 in 
DEBUG: LC_ALL=C JX_LOG_LEVEL=error git log --format=%H%x1f%an%x1f%ae%x1f%cn%x1f%ce%x1f%s%n%b%x1e db358176b808fb4c3762c7fc3b47d5ea874a3cf5..HEAD
Merged SHA c8bdca98a8a09ba3ed221a76f5a7485441001406 with commit message 'chore: Promote bdd-spring-1582014261 to version 0.0.1' into base branch master

Showing logs for build [32mcb-kubecd-environment-pr-162-13-5h5zt-1[0m stage [32mfrom-build-pack[0m and container [32mstep-build-helm-build[0m
WARNING: No $CHART_REPOSITORY defined so using the default value of: http://jenkins-x-chartmuseum:8080
Adding missing Helm repo: storage.googleapis.com https://storage.googleapis.com/chartmuseum.jenkins-x.io
WARNING: No secrets found on "helm/repos" due: reading the secret "helm/repos" from vault: no secret "helm/repos" not found in vault
Read credentials for https://storage.googleapis.com/chartmuseum.jenkins-x.io from vault helm/repos
Successfully added Helm repository storage.googleapis.com.
Adding missing Helm repo: jenkins-x-chartmuseum http://jenkins-x-chartmuseum:8080
WARNING: No secrets found on "helm/repos" due: reading the secret "helm/repos" from vault: no secret "helm/repos" not found in vault
Read credentials for http://jenkins-x-chartmuseum:8080 from vault helm/repos
Successfully added Helm repository jenkins-x-chartmuseum.
WARNING: No $CHART_REPOSITORY defined so using the default value of: http://jenkins-x-chartmuseum:8080
Adding missing Helm repo: chartmuseum.jenkins-x.io http://chartmuseum.jenkins-x.io
WARNING: No secrets found on "helm/repos" due: reading the secret "helm/repos" from vault: no secret "helm/repos" not found in vault
Read credentials for http://chartmuseum.jenkins-x.io from vault helm/repos
Successfully added Helm repository chartmuseum.jenkins-x.io.
